d:\media fundamentals\mediaplayer\x64\debug\vc143.pdb
d:\media fundamentals\mediaplayer\x64\debug\vc143.idb
d:\media fundamentals\mediaplayer\x64\debug\fmod_setup.obj
d:\media fundamentals\mediaplayer\x64\debug\audioutils.obj
d:\media fundamentals\mediaplayer\x64\debug\fmodinitialization.obj
d:\media fundamentals\mediaplayer\x64\debug\caudiomanager.obj
d:\media fundamentals\mediaplayer\x64\debug\cmediaplayer.obj
d:\media fundamentals\mediaplayer\x64\debug\fmod_setup.exe
d:\media fundamentals\mediaplayer\x64\debug\fmod_setup.ilk
d:\media fundamentals\mediaplayer\x64\debug\fmod_setup.pdb
d:\media fundamentals\mediaplayer\x64\debug\fmod_setup.tlog\cl.command.1.tlog
d:\media fundamentals\mediaplayer\x64\debug\fmod_setup.tlog\cl.items.tlog
d:\media fundamentals\mediaplayer\x64\debug\fmod_setup.tlog\cl.read.1.tlog
d:\media fundamentals\mediaplayer\x64\debug\fmod_setup.tlog\cl.write.1.tlog
d:\media fundamentals\mediaplayer\x64\debug\fmod_setup.tlog\link-cvtres.read.1.tlog
d:\media fundamentals\mediaplayer\x64\debug\fmod_setup.tlog\link-cvtres.write.1.tlog
d:\media fundamentals\mediaplayer\x64\debug\fmod_setup.tlog\link-rc.read.1.tlog
d:\media fundamentals\mediaplayer\x64\debug\fmod_setup.tlog\link-rc.write.1.tlog
d:\media fundamentals\mediaplayer\x64\debug\fmod_setup.tlog\link.33504-cvtres.read.1.tlog
d:\media fundamentals\mediaplayer\x64\debug\fmod_setup.tlog\link.33504-cvtres.write.1.tlog
d:\media fundamentals\mediaplayer\x64\debug\fmod_setup.tlog\link.33504-rc.read.1.tlog
d:\media fundamentals\mediaplayer\x64\debug\fmod_setup.tlog\link.33504-rc.write.1.tlog
d:\media fundamentals\mediaplayer\x64\debug\fmod_setup.tlog\link.33504.read.1.tlog
d:\media fundamentals\mediaplayer\x64\debug\fmod_setup.tlog\link.33504.read.2.tlog
d:\media fundamentals\mediaplayer\x64\debug\fmod_setup.tlog\link.33504.read.3.tlog
d:\media fundamentals\mediaplayer\x64\debug\fmod_setup.tlog\link.33504.read.4.tlog
d:\media fundamentals\mediaplayer\x64\debug\fmod_setup.tlog\link.33504.write.1.tlog
d:\media fundamentals\mediaplayer\x64\debug\fmod_setup.tlog\link.command.1.tlog
d:\media fundamentals\mediaplayer\x64\debug\fmod_setup.tlog\link.read.1.tlog
d:\media fundamentals\mediaplayer\x64\debug\fmod_setup.tlog\link.read.2.tlog
d:\media fundamentals\mediaplayer\x64\debug\fmod_setup.tlog\link.read.3.tlog
d:\media fundamentals\mediaplayer\x64\debug\fmod_setup.tlog\link.read.4.tlog
d:\media fundamentals\mediaplayer\x64\debug\fmod_setup.tlog\link.write.1.tlog
