d:\media fundamentals\mediaplayerwithgui\x64\debug\vc143.pdb
d:\media fundamentals\mediaplayerwithgui\x64\debug\vc143.idb
d:\media fundamentals\mediaplayerwithgui\x64\debug\guiinitialization.obj
d:\media fundamentals\mediaplayerwithgui\x64\debug\fmod_setup.obj
d:\media fundamentals\mediaplayerwithgui\x64\debug\imgui_widgets.obj
d:\media fundamentals\mediaplayerwithgui\x64\debug\imgui_tables.obj
d:\media fundamentals\mediaplayerwithgui\x64\debug\imgui_draw.obj
d:\media fundamentals\mediaplayerwithgui\x64\debug\imgui_demo.obj
d:\media fundamentals\mediaplayerwithgui\x64\debug\imgui.obj
d:\media fundamentals\mediaplayerwithgui\x64\debug\imgui_impl_opengl3.obj
d:\media fundamentals\mediaplayerwithgui\x64\debug\imgui_impl_glfw.obj
d:\media fundamentals\mediaplayerwithgui\x64\debug\fmodinitialization.obj
d:\media fundamentals\mediaplayerwithgui\x64\debug\cmediaplayer.obj
d:\media fundamentals\mediaplayerwithgui\x64\debug\caudiomanager.obj
d:\media fundamentals\mediaplayerwithgui\x64\debug\audioutils.obj
d:\media fundamentals\mediaplayerwithgui\x64\debug\glad.obj
d:\media fundamentals\mediaplayerwithgui\x64\debug\fmod_setup.exe
d:\media fundamentals\mediaplayerwithgui\x64\debug\fmod_setup.ilk
d:\media fundamentals\mediaplayerwithgui\x64\debug\fmod_setup.pdb
d:\media fundamentals\mediaplayerwithgui\x64\debug\fmod_setup.res
d:\media fundamentals\mediaplayerwithgui\x64\debug\fmod_setup.tlog\cl.command.1.tlog
d:\media fundamentals\mediaplayerwithgui\x64\debug\fmod_setup.tlog\cl.items.tlog
d:\media fundamentals\mediaplayerwithgui\x64\debug\fmod_setup.tlog\cl.read.1.tlog
d:\media fundamentals\mediaplayerwithgui\x64\debug\fmod_setup.tlog\cl.write.1.tlog
d:\media fundamentals\mediaplayerwithgui\x64\debug\fmod_setup.tlog\link.command.1.tlog
d:\media fundamentals\mediaplayerwithgui\x64\debug\fmod_setup.tlog\link.read.1.tlog
d:\media fundamentals\mediaplayerwithgui\x64\debug\fmod_setup.tlog\link.write.1.tlog
d:\media fundamentals\mediaplayerwithgui\x64\debug\fmod_setup.tlog\rc.command.1.tlog
d:\media fundamentals\mediaplayerwithgui\x64\debug\fmod_setup.tlog\rc.read.1.tlog
d:\media fundamentals\mediaplayerwithgui\x64\debug\fmod_setup.tlog\rc.write.1.tlog
