d:\media fundamentals\mediaplayerwithgui\x64\release\vc143.pdb
d:\media fundamentals\mediaplayerwithgui\x64\release\guiinitialization.obj
d:\media fundamentals\mediaplayerwithgui\x64\release\fmod_setup.obj
d:\media fundamentals\mediaplayerwithgui\x64\release\imgui_widgets.obj
d:\media fundamentals\mediaplayerwithgui\x64\release\imgui_tables.obj
d:\media fundamentals\mediaplayerwithgui\x64\release\imgui_draw.obj
d:\media fundamentals\mediaplayerwithgui\x64\release\imgui_demo.obj
d:\media fundamentals\mediaplayerwithgui\x64\release\imgui.obj
d:\media fundamentals\mediaplayerwithgui\x64\release\imgui_impl_opengl3.obj
d:\media fundamentals\mediaplayerwithgui\x64\release\imgui_impl_glfw.obj
d:\media fundamentals\mediaplayerwithgui\x64\release\fmodinitialization.obj
d:\media fundamentals\mediaplayerwithgui\x64\release\cmediaplayer.obj
d:\media fundamentals\mediaplayerwithgui\x64\release\caudiomanager.obj
d:\media fundamentals\mediaplayerwithgui\x64\release\audioutils.obj
d:\media fundamentals\mediaplayerwithgui\x64\release\glad.obj
d:\media fundamentals\mediaplayerwithgui\x64\release\fmod_setup.res
d:\media fundamentals\mediaplayerwithgui\x64\release\fmod_setup.tlog\cl.command.1.tlog
d:\media fundamentals\mediaplayerwithgui\x64\release\fmod_setup.tlog\cl.read.1.tlog
d:\media fundamentals\mediaplayerwithgui\x64\release\fmod_setup.tlog\cl.write.1.tlog
d:\media fundamentals\mediaplayerwithgui\x64\release\fmod_setup.tlog\link.command.1.tlog
d:\media fundamentals\mediaplayerwithgui\x64\release\fmod_setup.tlog\link.read.1.tlog
d:\media fundamentals\mediaplayerwithgui\x64\release\fmod_setup.tlog\link.write.1.tlog
d:\media fundamentals\mediaplayerwithgui\x64\release\fmod_setup.tlog\rc.command.1.tlog
d:\media fundamentals\mediaplayerwithgui\x64\release\fmod_setup.tlog\rc.read.1.tlog
d:\media fundamentals\mediaplayerwithgui\x64\release\fmod_setup.tlog\rc.write.1.tlog
