  AudioUtils.cpp
  cAudioManager.cpp
C:\Program Files (x86)\Windows Kits\10\Include\10.0.22621.0\shared\minwindef.h(130,1): warning C4005: 'APIENTRY': macro redefinition
  (compiling source file 'cAudioManager.cpp')
  D:\Media Fundamentals\Project1\MediaPlayer_With_GUI\FMOD_API\core\inc\GLFW\glfw3.h(123,1):
  see previous definition of 'APIENTRY'
  
C:\Program Files (x86)\Windows Kits\10\Include\10.0.22621.0\shared\rpcndr.h(203,9): error C2872: 'byte': ambiguous symbol
  (compiling source file 'cAudioManager.cpp')
  C:\Program Files (x86)\Windows Kits\10\Include\10.0.22621.0\shared\rpcndr.h(202,23):
  could be 'unsigned char byte'
  C:\Program Files\Microsoft Visual Studio\2022\Community\VC\Tools\MSVC\14.38.33130\include\cstddef(34,24):
  or       'std::byte'
  
C:\Program Files (x86)\Windows Kits\10\Include\10.0.22621.0\shared\rpcndr.h(975,6): error C2872: 'byte': ambiguous symbol
  (compiling source file 'cAudioManager.cpp')
  C:\Program Files (x86)\Windows Kits\10\Include\10.0.22621.0\shared\rpcndr.h(202,23):
  could be 'unsigned char byte'
  C:\Program Files\Microsoft Visual Studio\2022\Community\VC\Tools\MSVC\14.38.33130\include\cstddef(34,24):
  or       'std::byte'
  
C:\Program Files (x86)\Windows Kits\10\Include\10.0.22621.0\shared\rpcndr.h(983,6): error C2872: 'byte': ambiguous symbol
  (compiling source file 'cAudioManager.cpp')
  C:\Program Files (x86)\Windows Kits\10\Include\10.0.22621.0\shared\rpcndr.h(202,23):
  could be 'unsigned char byte'
  C:\Program Files\Microsoft Visual Studio\2022\Community\VC\Tools\MSVC\14.38.33130\include\cstddef(34,24):
  or       'std::byte'
  
C:\Program Files (x86)\Windows Kits\10\Include\10.0.22621.0\shared\wtypesbase.h(447,21): error C2872: 'byte': ambiguous symbol
  (compiling source file 'cAudioManager.cpp')
  C:\Program Files (x86)\Windows Kits\10\Include\10.0.22621.0\shared\rpcndr.h(202,23):
  could be 'unsigned char byte'
  C:\Program Files\Microsoft Visual Studio\2022\Community\VC\Tools\MSVC\14.38.33130\include\cstddef(34,24):
  or       'std::byte'
  
C:\Program Files (x86)\Windows Kits\10\Include\10.0.22621.0\shared\wtypesbase.h(472,21): error C2872: 'byte': ambiguous symbol
  (compiling source file 'cAudioManager.cpp')
  C:\Program Files (x86)\Windows Kits\10\Include\10.0.22621.0\shared\rpcndr.h(202,23):
  could be 'unsigned char byte'
  C:\Program Files\Microsoft Visual Studio\2022\Community\VC\Tools\MSVC\14.38.33130\include\cstddef(34,24):
  or       'std::byte'
  
C:\Program Files (x86)\Windows Kits\10\Include\10.0.22621.0\shared\wtypesbase.h(489,21): error C2872: 'byte': ambiguous symbol
  (compiling source file 'cAudioManager.cpp')
  C:\Program Files (x86)\Windows Kits\10\Include\10.0.22621.0\shared\rpcndr.h(202,23):
  could be 'unsigned char byte'
  C:\Program Files\Microsoft Visual Studio\2022\Community\VC\Tools\MSVC\14.38.33130\include\cstddef(34,24):
  or       'std::byte'
  
C:\Program Files (x86)\Windows Kits\10\Include\10.0.22621.0\shared\wtypes.h(85,21): error C2872: 'byte': ambiguous symbol
  (compiling source file 'cAudioManager.cpp')
  C:\Program Files (x86)\Windows Kits\10\Include\10.0.22621.0\shared\rpcndr.h(202,23):
  could be 'unsigned char byte'
  C:\Program Files\Microsoft Visual Studio\2022\Community\VC\Tools\MSVC\14.38.33130\include\cstddef(34,24):
  or       'std::byte'
  
C:\Program Files (x86)\Windows Kits\10\Include\10.0.22621.0\shared\wtypes.h(94,21): error C2872: 'byte': ambiguous symbol
  (compiling source file 'cAudioManager.cpp')
  C:\Program Files (x86)\Windows Kits\10\Include\10.0.22621.0\shared\rpcndr.h(202,23):
  could be 'unsigned char byte'
  C:\Program Files\Microsoft Visual Studio\2022\Community\VC\Tools\MSVC\14.38.33130\include\cstddef(34,24):
  or       'std::byte'
  
C:\Program Files (x86)\Windows Kits\10\Include\10.0.22621.0\shared\wtypes.h(100,21): error C2872: 'byte': ambiguous symbol
  (compiling source file 'cAudioManager.cpp')
  C:\Program Files (x86)\Windows Kits\10\Include\10.0.22621.0\shared\rpcndr.h(202,23):
  could be 'unsigned char byte'
  C:\Program Files\Microsoft Visual Studio\2022\Community\VC\Tools\MSVC\14.38.33130\include\cstddef(34,24):
  or       'std::byte'
  
C:\Program Files (x86)\Windows Kits\10\Include\10.0.22621.0\shared\wtypes.h(106,21): error C2872: 'byte': ambiguous symbol
  (compiling source file 'cAudioManager.cpp')
  C:\Program Files (x86)\Windows Kits\10\Include\10.0.22621.0\shared\rpcndr.h(202,23):
  could be 'unsigned char byte'
  C:\Program Files\Microsoft Visual Studio\2022\Community\VC\Tools\MSVC\14.38.33130\include\cstddef(34,24):
  or       'std::byte'
  
C:\Program Files (x86)\Windows Kits\10\Include\10.0.22621.0\shared\wtypes.h(112,21): error C2872: 'byte': ambiguous symbol
  (compiling source file 'cAudioManager.cpp')
  C:\Program Files (x86)\Windows Kits\10\Include\10.0.22621.0\shared\rpcndr.h(202,23):
  could be 'unsigned char byte'
  C:\Program Files\Microsoft Visual Studio\2022\Community\VC\Tools\MSVC\14.38.33130\include\cstddef(34,24):
  or       'std::byte'
  
C:\Program Files (x86)\Windows Kits\10\Include\10.0.22621.0\shared\wtypes.h(118,21): error C2872: 'byte': ambiguous symbol
  (compiling source file 'cAudioManager.cpp')
  C:\Program Files (x86)\Windows Kits\10\Include\10.0.22621.0\shared\rpcndr.h(202,23):
  could be 'unsigned char byte'
  C:\Program Files\Microsoft Visual Studio\2022\Community\VC\Tools\MSVC\14.38.33130\include\cstddef(34,24):
  or       'std::byte'
  
C:\Program Files (x86)\Windows Kits\10\Include\10.0.22621.0\shared\wtypes.h(493,21): error C2872: 'byte': ambiguous symbol
  (compiling source file 'cAudioManager.cpp')
  C:\Program Files (x86)\Windows Kits\10\Include\10.0.22621.0\shared\rpcndr.h(202,23):
  could be 'unsigned char byte'
  C:\Program Files\Microsoft Visual Studio\2022\Community\VC\Tools\MSVC\14.38.33130\include\cstddef(34,24):
  or       'std::byte'
  
C:\Program Files (x86)\Windows Kits\10\Include\10.0.22621.0\um\objidlbase.h(2275,74): error C2872: 'byte': ambiguous symbol
  (compiling source file 'cAudioManager.cpp')
  C:\Program Files (x86)\Windows Kits\10\Include\10.0.22621.0\shared\rpcndr.h(202,23):
  could be 'unsigned char byte'
  C:\Program Files\Microsoft Visual Studio\2022\Community\VC\Tools\MSVC\14.38.33130\include\cstddef(34,24):
  or       'std::byte'
  
C:\Program Files (x86)\Windows Kits\10\Include\10.0.22621.0\um\objidlbase.h(2289,57): error C2872: 'byte': ambiguous symbol
  (compiling source file 'cAudioManager.cpp')
  C:\Program Files (x86)\Windows Kits\10\Include\10.0.22621.0\shared\rpcndr.h(202,23):
  could be 'unsigned char byte'
  C:\Program Files\Microsoft Visual Studio\2022\Community\VC\Tools\MSVC\14.38.33130\include\cstddef(34,24):
  or       'std::byte'
  
C:\Program Files (x86)\Windows Kits\10\Include\10.0.22621.0\um\objidlbase.h(8492,74): error C2872: 'byte': ambiguous symbol
  (compiling source file 'cAudioManager.cpp')
  C:\Program Files (x86)\Windows Kits\10\Include\10.0.22621.0\shared\rpcndr.h(202,23):
  could be 'unsigned char byte'
  C:\Program Files\Microsoft Visual Studio\2022\Community\VC\Tools\MSVC\14.38.33130\include\cstddef(34,24):
  or       'std::byte'
  
C:\Program Files (x86)\Windows Kits\10\Include\10.0.22621.0\um\objidlbase.h(8508,57): error C2872: 'byte': ambiguous symbol
  (compiling source file 'cAudioManager.cpp')
  C:\Program Files (x86)\Windows Kits\10\Include\10.0.22621.0\shared\rpcndr.h(202,23):
  could be 'unsigned char byte'
  C:\Program Files\Microsoft Visual Studio\2022\Community\VC\Tools\MSVC\14.38.33130\include\cstddef(34,24):
  or       'std::byte'
  
C:\Program Files (x86)\Windows Kits\10\Include\10.0.22621.0\um\objidl.h(10444,64): error C2872: 'byte': ambiguous symbol
  (compiling source file 'cAudioManager.cpp')
  C:\Program Files (x86)\Windows Kits\10\Include\10.0.22621.0\shared\rpcndr.h(202,23):
  could be 'unsigned char byte'
  C:\Program Files\Microsoft Visual Studio\2022\Community\VC\Tools\MSVC\14.38.33130\include\cstddef(34,24):
  or       'std::byte'
  
C:\Program Files (x86)\Windows Kits\10\Include\10.0.22621.0\um\objidl.h(11002,72): error C2872: 'byte': ambiguous symbol
  (compiling source file 'cAudioManager.cpp')
  C:\Program Files (x86)\Windows Kits\10\Include\10.0.22621.0\shared\rpcndr.h(202,23):
  could be 'unsigned char byte'
  C:\Program Files\Microsoft Visual Studio\2022\Community\VC\Tools\MSVC\14.38.33130\include\cstddef(34,24):
  or       'std::byte'
  
C:\Program Files (x86)\Windows Kits\10\Include\10.0.22621.0\um\objidl.h(11034,72): error C2872: 'byte': ambiguous symbol
  (compiling source file 'cAudioManager.cpp')
  C:\Program Files (x86)\Windows Kits\10\Include\10.0.22621.0\shared\rpcndr.h(202,23):
  could be 'unsigned char byte'
  C:\Program Files\Microsoft Visual Studio\2022\Community\VC\Tools\MSVC\14.38.33130\include\cstddef(34,24):
  or       'std::byte'
  
C:\Program Files (x86)\Windows Kits\10\Include\10.0.22621.0\um\objidl.h(11542,74): error C2872: 'byte': ambiguous symbol
  (compiling source file 'cAudioManager.cpp')
  C:\Program Files (x86)\Windows Kits\10\Include\10.0.22621.0\shared\rpcndr.h(202,23):
  could be 'unsigned char byte'
  C:\Program Files\Microsoft Visual Studio\2022\Community\VC\Tools\MSVC\14.38.33130\include\cstddef(34,24):
  or       'std::byte'
  
C:\Program Files (x86)\Windows Kits\10\Include\10.0.22621.0\um\objidl.h(11557,57): error C2872: 'byte': ambiguous symbol
  (compiling source file 'cAudioManager.cpp')
  C:\Program Files (x86)\Windows Kits\10\Include\10.0.22621.0\shared\rpcndr.h(202,23):
  could be 'unsigned char byte'
  C:\Program Files\Microsoft Visual Studio\2022\Community\VC\Tools\MSVC\14.38.33130\include\cstddef(34,24):
  or       'std::byte'
  
C:\Program Files (x86)\Windows Kits\10\Include\10.0.22621.0\um\objidl.h(12018,21): error C2872: 'byte': ambiguous symbol
  (compiling source file 'cAudioManager.cpp')
  C:\Program Files (x86)\Windows Kits\10\Include\10.0.22621.0\shared\rpcndr.h(202,23):
  could be 'unsigned char byte'
  C:\Program Files\Microsoft Visual Studio\2022\Community\VC\Tools\MSVC\14.38.33130\include\cstddef(34,24):
  or       'std::byte'
  
C:\Program Files (x86)\Windows Kits\10\Include\10.0.22621.0\um\objidl.h(13832,57): error C2872: 'byte': ambiguous symbol
  (compiling source file 'cAudioManager.cpp')
  C:\Program Files (x86)\Windows Kits\10\Include\10.0.22621.0\shared\rpcndr.h(202,23):
  could be 'unsigned char byte'
  C:\Program Files\Microsoft Visual Studio\2022\Community\VC\Tools\MSVC\14.38.33130\include\cstddef(34,24):
  or       'std::byte'
  
C:\Program Files (x86)\Windows Kits\10\Include\10.0.22621.0\um\objidl.h(13847,57): error C2872: 'byte': ambiguous symbol
  (compiling source file 'cAudioManager.cpp')
  C:\Program Files (x86)\Windows Kits\10\Include\10.0.22621.0\shared\rpcndr.h(202,23):
  could be 'unsigned char byte'
  C:\Program Files\Microsoft Visual Studio\2022\Community\VC\Tools\MSVC\14.38.33130\include\cstddef(34,24):
  or       'std::byte'
  
C:\Program Files (x86)\Windows Kits\10\Include\10.0.22621.0\um\objidl.h(15586,74): error C2872: 'byte': ambiguous symbol
  (compiling source file 'cAudioManager.cpp')
  C:\Program Files (x86)\Windows Kits\10\Include\10.0.22621.0\shared\rpcndr.h(202,23):
  could be 'unsigned char byte'
  C:\Program Files\Microsoft Visual Studio\2022\Community\VC\Tools\MSVC\14.38.33130\include\cstddef(34,24):
  or       'std::byte'
  
C:\Program Files (x86)\Windows Kits\10\Include\10.0.22621.0\um\objidl.h(15602,57): error C2872: 'byte': ambiguous symbol
  (compiling source file 'cAudioManager.cpp')
  C:\Program Files (x86)\Windows Kits\10\Include\10.0.22621.0\shared\rpcndr.h(202,23):
  could be 'unsigned char byte'
  C:\Program Files\Microsoft Visual Studio\2022\Community\VC\Tools\MSVC\14.38.33130\include\cstddef(34,24):
  or       'std::byte'
  
C:\Program Files (x86)\Windows Kits\10\Include\10.0.22621.0\um\objidl.h(15749,72): error C2872: 'byte': ambiguous symbol
  (compiling source file 'cAudioManager.cpp')
  C:\Program Files (x86)\Windows Kits\10\Include\10.0.22621.0\shared\rpcndr.h(202,23):
  could be 'unsigned char byte'
  C:\Program Files\Microsoft Visual Studio\2022\Community\VC\Tools\MSVC\14.38.33130\include\cstddef(34,24):
  or       'std::byte'
  
C:\Program Files (x86)\Windows Kits\10\Include\10.0.22621.0\um\objidl.h(15788,72): error C2872: 'byte': ambiguous symbol
  (compiling source file 'cAudioManager.cpp')
  C:\Program Files (x86)\Windows Kits\10\Include\10.0.22621.0\shared\rpcndr.h(202,23):
  could be 'unsigned char byte'
  C:\Program Files\Microsoft Visual Studio\2022\Community\VC\Tools\MSVC\14.38.33130\include\cstddef(34,24):
  or       'std::byte'
  
C:\Program Files (x86)\Windows Kits\10\Include\10.0.22621.0\um\objidl.h(15805,74): error C2872: 'byte': ambiguous symbol
  (compiling source file 'cAudioManager.cpp')
  C:\Program Files (x86)\Windows Kits\10\Include\10.0.22621.0\shared\rpcndr.h(202,23):
  could be 'unsigned char byte'
  C:\Program Files\Microsoft Visual Studio\2022\Community\VC\Tools\MSVC\14.38.33130\include\cstddef(34,24):
  or       'std::byte'
  
C:\Program Files (x86)\Windows Kits\10\Include\10.0.22621.0\um\objidl.h(15822,57): error C2872: 'byte': ambiguous symbol
  (compiling source file 'cAudioManager.cpp')
  C:\Program Files (x86)\Windows Kits\10\Include\10.0.22621.0\shared\rpcndr.h(202,23):
  could be 'unsigned char byte'
  C:\Program Files\Microsoft Visual Studio\2022\Community\VC\Tools\MSVC\14.38.33130\include\cstddef(34,24):
  or       'std::byte'
  
C:\Program Files (x86)\Windows Kits\10\Include\10.0.22621.0\um\objidl.h(16067,57): error C2872: 'byte': ambiguous symbol
  (compiling source file 'cAudioManager.cpp')
  C:\Program Files (x86)\Windows Kits\10\Include\10.0.22621.0\shared\rpcndr.h(202,23):
  could be 'unsigned char byte'
  C:\Program Files\Microsoft Visual Studio\2022\Community\VC\Tools\MSVC\14.38.33130\include\cstddef(34,24):
  or       'std::byte'
  
C:\Program Files (x86)\Windows Kits\10\Include\10.0.22621.0\um\objidl.h(16086,57): error C2872: 'byte': ambiguous symbol
  (compiling source file 'cAudioManager.cpp')
  C:\Program Files (x86)\Windows Kits\10\Include\10.0.22621.0\shared\rpcndr.h(202,23):
  could be 'unsigned char byte'
  C:\Program Files\Microsoft Visual Studio\2022\Community\VC\Tools\MSVC\14.38.33130\include\cstddef(34,24):
  or       'std::byte'
  
C:\Program Files (x86)\Windows Kits\10\Include\10.0.22621.0\um\oaidl.h(571,21): error C2872: 'byte': ambiguous symbol
  (compiling source file 'cAudioManager.cpp')
  C:\Program Files (x86)\Windows Kits\10\Include\10.0.22621.0\shared\rpcndr.h(202,23):
  could be 'unsigned char byte'
  C:\Program Files\Microsoft Visual Studio\2022\Community\VC\Tools\MSVC\14.38.33130\include\cstddef(34,24):
  or       'std::byte'
  
D:\Media Fundamentals\Project1\MediaPlayer_With_GUI\cAudioManager.cpp(36,24): error C2664: 'HANDLE FindFirstFileA(LPCSTR,LPWIN32_FIND_DATAA)': cannot convert argument 1 from 'const _Elem *' to 'LPCSTR'
D:\Media Fundamentals\Project1\MediaPlayer_With_GUI\cAudioManager.cpp(36,24): error C2664:         with
D:\Media Fundamentals\Project1\MediaPlayer_With_GUI\cAudioManager.cpp(36,24): error C2664:         [
D:\Media Fundamentals\Project1\MediaPlayer_With_GUI\cAudioManager.cpp(36,24): error C2664:             _Elem=wchar_t
D:\Media Fundamentals\Project1\MediaPlayer_With_GUI\cAudioManager.cpp(36,24): error C2664:         ]
  D:\Media Fundamentals\Project1\MediaPlayer_With_GUI\cAudioManager.cpp(36,54):
  Types pointed to are unrelated; conversion requires reinterpret_cast, C-style cast or parenthesized function-style cast
  C:\Program Files (x86)\Windows Kits\10\Include\10.0.22621.0\um\fileapi.h(240,1):
  see declaration of 'FindFirstFileA'
  D:\Media Fundamentals\Project1\MediaPlayer_With_GUI\cAudioManager.cpp(36,24):
  while trying to match the argument list '(const _Elem *, WIN32_FIND_DATA *)'
          with
          [
              _Elem=wchar_t
          ]
  
D:\Media Fundamentals\Project1\MediaPlayer_With_GUI\cAudioManager.cpp(49,64): error C2676: binary '+': 'std::basic_string<wchar_t,std::char_traits<wchar_t>,std::allocator<wchar_t>>' does not define this operator or a conversion to a type acceptable to the predefined operator
  C:\Program Files\Microsoft Visual Studio\2022\Community\VC\Tools\MSVC\14.38.33130\include\xstring(5010,62):
  could be 'std::basic_string<_Elem,_Traits,_Alloc> std::operator +(std::basic_string<_Elem,_Traits,_Alloc> &&,const _Elem)'
  	D:\Media Fundamentals\Project1\MediaPlayer_With_GUI\cAudioManager.cpp(49,56):
  	'std::basic_string<_Elem,_Traits,_Alloc> std::operator +(std::basic_string<_Elem,_Traits,_Alloc> &&,const _Elem)': template parameter '_Elem' is ambiguous
  		D:\Media Fundamentals\Project1\MediaPlayer_With_GUI\cAudioManager.cpp(49,56):
  		could be 'CHAR *'
  		D:\Media Fundamentals\Project1\MediaPlayer_With_GUI\cAudioManager.cpp(49,56):
  		or       'wchar_t'
  	D:\Media Fundamentals\Project1\MediaPlayer_With_GUI\cAudioManager.cpp(49,56):
  	'std::basic_string<_Elem,_Traits,_Alloc> std::operator +(std::basic_string<_Elem,_Traits,_Alloc> &&,const _Elem)': could not deduce template argument for 'const _Elem' from 'CHAR [260]'
  C:\Program Files\Microsoft Visual Studio\2022\Community\VC\Tools\MSVC\14.38.33130\include\xstring(5004,62):
  or       'std::basic_string<_Elem,_Traits,_Alloc> std::operator +(std::basic_string<_Elem,_Traits,_Alloc> &&,const _Elem *const )'
  	D:\Media Fundamentals\Project1\MediaPlayer_With_GUI\cAudioManager.cpp(49,56):
  	'std::basic_string<_Elem,_Traits,_Alloc> std::operator +(std::basic_string<_Elem,_Traits,_Alloc> &&,const _Elem *const )': template parameter '_Elem' is ambiguous
  		D:\Media Fundamentals\Project1\MediaPlayer_With_GUI\cAudioManager.cpp(49,56):
  		could be 'CHAR'
  		D:\Media Fundamentals\Project1\MediaPlayer_With_GUI\cAudioManager.cpp(49,56):
  		or       'wchar_t'
  	D:\Media Fundamentals\Project1\MediaPlayer_With_GUI\cAudioManager.cpp(49,56):
  	'std::basic_string<_Elem,_Traits,_Alloc> std::operator +(std::basic_string<_Elem,_Traits,_Alloc> &&,const _Elem *const )': could not deduce template argument for 'const _Elem *const ' from 'CHAR [260]'
  C:\Program Files\Microsoft Visual Studio\2022\Community\VC\Tools\MSVC\14.38.33130\include\xstring(4998,62):
  or       'std::basic_string<_Elem,_Traits,_Alloc> std::operator +(const _Elem,std::basic_string<_Elem,_Traits,_Alloc> &&)'
  	D:\Media Fundamentals\Project1\MediaPlayer_With_GUI\cAudioManager.cpp(49,56):
  	'std::basic_string<_Elem,_Traits,_Alloc> std::operator +(const _Elem,std::basic_string<_Elem,_Traits,_Alloc> &&)': could not deduce template argument for 'std::basic_string<_Elem,_Traits,_Alloc> &&' from 'CHAR [260]'
  C:\Program Files\Microsoft Visual Studio\2022\Community\VC\Tools\MSVC\14.38.33130\include\xstring(4992,62):
  or       'std::basic_string<_Elem,_Traits,_Alloc> std::operator +(const _Elem *const ,std::basic_string<_Elem,_Traits,_Alloc> &&)'
  	D:\Media Fundamentals\Project1\MediaPlayer_With_GUI\cAudioManager.cpp(49,56):
  	'std::basic_string<_Elem,_Traits,_Alloc> std::operator +(const _Elem *const ,std::basic_string<_Elem,_Traits,_Alloc> &&)': could not deduce template argument for 'const _Elem *const ' from 'std::basic_string<wchar_t,std::char_traits<wchar_t>,std::allocator<wchar_t>>'
  C:\Program Files\Microsoft Visual Studio\2022\Community\VC\Tools\MSVC\14.38.33130\include\xstring(4979,62):
  or       'std::basic_string<_Elem,_Traits,_Alloc> std::operator +(std::basic_string<_Elem,_Traits,_Alloc> &&,std::basic_string<_Elem,_Traits,_Alloc> &&)'
  	D:\Media Fundamentals\Project1\MediaPlayer_With_GUI\cAudioManager.cpp(49,56):
  	'std::basic_string<_Elem,_Traits,_Alloc> std::operator +(std::basic_string<_Elem,_Traits,_Alloc> &&,std::basic_string<_Elem,_Traits,_Alloc> &&)': could not deduce template argument for 'std::basic_string<_Elem,_Traits,_Alloc> &&' from 'CHAR [260]'
  C:\Program Files\Microsoft Visual Studio\2022\Community\VC\Tools\MSVC\14.38.33130\include\xstring(4973,62):
  or       'std::basic_string<_Elem,_Traits,_Alloc> std::operator +(std::basic_string<_Elem,_Traits,_Alloc> &&,const std::basic_string<_Elem,_Traits,_Alloc> &)'
  	D:\Media Fundamentals\Project1\MediaPlayer_With_GUI\cAudioManager.cpp(49,56):
  	'std::basic_string<_Elem,_Traits,_Alloc> std::operator +(std::basic_string<_Elem,_Traits,_Alloc> &&,const std::basic_string<_Elem,_Traits,_Alloc> &)': could not deduce template argument for 'const std::basic_string<_Elem,_Traits,_Alloc> &' from 'CHAR [260]'
  C:\Program Files\Microsoft Visual Studio\2022\Community\VC\Tools\MSVC\14.38.33130\include\xstring(4967,62):
  or       'std::basic_string<_Elem,_Traits,_Alloc> std::operator +(const std::basic_string<_Elem,_Traits,_Alloc> &,std::basic_string<_Elem,_Traits,_Alloc> &&)'
  	D:\Media Fundamentals\Project1\MediaPlayer_With_GUI\cAudioManager.cpp(49,56):
  	'std::basic_string<_Elem,_Traits,_Alloc> std::operator +(const std::basic_string<_Elem,_Traits,_Alloc> &,std::basic_string<_Elem,_Traits,_Alloc> &&)': could not deduce template argument for 'std::basic_string<_Elem,_Traits,_Alloc> &&' from 'CHAR [260]'
  C:\Program Files\Microsoft Visual Studio\2022\Community\VC\Tools\MSVC\14.38.33130\include\xstring(4956,62):
  or       'std::basic_string<_Elem,_Traits,_Alloc> std::operator +(const std::basic_string<_Elem,_Traits,_Alloc> &,const _Elem)'
  	D:\Media Fundamentals\Project1\MediaPlayer_With_GUI\cAudioManager.cpp(49,56):
  	'std::basic_string<_Elem,_Traits,_Alloc> std::operator +(const std::basic_string<_Elem,_Traits,_Alloc> &,const _Elem)': template parameter '_Elem' is ambiguous
  		D:\Media Fundamentals\Project1\MediaPlayer_With_GUI\cAudioManager.cpp(49,56):
  		could be 'CHAR *'
  		D:\Media Fundamentals\Project1\MediaPlayer_With_GUI\cAudioManager.cpp(49,56):
  		or       'wchar_t'
  	D:\Media Fundamentals\Project1\MediaPlayer_With_GUI\cAudioManager.cpp(49,56):
  	'std::basic_string<_Elem,_Traits,_Alloc> std::operator +(const std::basic_string<_Elem,_Traits,_Alloc> &,const _Elem)': could not deduce template argument for 'const _Elem' from 'CHAR [260]'
  C:\Program Files\Microsoft Visual Studio\2022\Community\VC\Tools\MSVC\14.38.33130\include\xstring(4943,62):
  or       'std::basic_string<_Elem,_Traits,_Alloc> std::operator +(const std::basic_string<_Elem,_Traits,_Alloc> &,const _Elem *const )'
  	D:\Media Fundamentals\Project1\MediaPlayer_With_GUI\cAudioManager.cpp(49,56):
  	'std::basic_string<_Elem,_Traits,_Alloc> std::operator +(const std::basic_string<_Elem,_Traits,_Alloc> &,const _Elem *const )': template parameter '_Elem' is ambiguous
  		D:\Media Fundamentals\Project1\MediaPlayer_With_GUI\cAudioManager.cpp(49,56):
  		could be 'CHAR'
  		D:\Media Fundamentals\Project1\MediaPlayer_With_GUI\cAudioManager.cpp(49,56):
  		or       'wchar_t'
  	D:\Media Fundamentals\Project1\MediaPlayer_With_GUI\cAudioManager.cpp(49,56):
  	'std::basic_string<_Elem,_Traits,_Alloc> std::operator +(const std::basic_string<_Elem,_Traits,_Alloc> &,const _Elem *const )': could not deduce template argument for 'const _Elem *const ' from 'CHAR [260]'
  C:\Program Files\Microsoft Visual Studio\2022\Community\VC\Tools\MSVC\14.38.33130\include\xstring(4932,62):
  or       'std::basic_string<_Elem,_Traits,_Alloc> std::operator +(const _Elem,const std::basic_string<_Elem,_Traits,_Alloc> &)'
  	D:\Media Fundamentals\Project1\MediaPlayer_With_GUI\cAudioManager.cpp(49,56):
  	'std::basic_string<_Elem,_Traits,_Alloc> std::operator +(const _Elem,const std::basic_string<_Elem,_Traits,_Alloc> &)': could not deduce template argument for 'const std::basic_string<_Elem,_Traits,_Alloc> &' from 'CHAR [260]'
  C:\Program Files\Microsoft Visual Studio\2022\Community\VC\Tools\MSVC\14.38.33130\include\xstring(4919,62):
  or       'std::basic_string<_Elem,_Traits,_Alloc> std::operator +(const _Elem *const ,const std::basic_string<_Elem,_Traits,_Alloc> &)'
  	D:\Media Fundamentals\Project1\MediaPlayer_With_GUI\cAudioManager.cpp(49,56):
  	'std::basic_string<_Elem,_Traits,_Alloc> std::operator +(const _Elem *const ,const std::basic_string<_Elem,_Traits,_Alloc> &)': could not deduce template argument for 'const _Elem *const ' from 'std::basic_string<wchar_t,std::char_traits<wchar_t>,std::allocator<wchar_t>>'
  C:\Program Files\Microsoft Visual Studio\2022\Community\VC\Tools\MSVC\14.38.33130\include\xstring(4907,62):
  or       'std::basic_string<_Elem,_Traits,_Alloc> std::operator +(const std::basic_string<_Elem,_Traits,_Alloc> &,const std::basic_string<_Elem,_Traits,_Alloc> &)'
  	D:\Media Fundamentals\Project1\MediaPlayer_With_GUI\cAudioManager.cpp(49,56):
  	'std::basic_string<_Elem,_Traits,_Alloc> std::operator +(const std::basic_string<_Elem,_Traits,_Alloc> &,const std::basic_string<_Elem,_Traits,_Alloc> &)': could not deduce template argument for 'const std::basic_string<_Elem,_Traits,_Alloc> &' from 'CHAR [260]'
  C:\Program Files\Microsoft Visual Studio\2022\Community\VC\Tools\MSVC\14.38.33130\include\xutility(4334,5):
  or       'std::move_iterator<_Iter> std::operator +(move_iterator<_Iter>::difference_type,const std::move_iterator<_Iter> &) noexcept(<expr>)'
  	D:\Media Fundamentals\Project1\MediaPlayer_With_GUI\cAudioManager.cpp(49,56):
  	'std::move_iterator<_Iter> std::operator +(move_iterator<_Iter>::difference_type,const std::move_iterator<_Iter> &) noexcept(<expr>)': could not deduce template argument for 'const std::move_iterator<_Iter> &' from 'CHAR [260]'
  C:\Program Files\Microsoft Visual Studio\2022\Community\VC\Tools\MSVC\14.38.33130\include\xutility(1782,50):
  or       'std::reverse_iterator<_BidIt> std::operator +(reverse_iterator<_BidIt>::difference_type,const std::reverse_iterator<_BidIt> &) noexcept(<expr>)'
  	D:\Media Fundamentals\Project1\MediaPlayer_With_GUI\cAudioManager.cpp(49,56):
  	'std::reverse_iterator<_BidIt> std::operator +(reverse_iterator<_BidIt>::difference_type,const std::reverse_iterator<_BidIt> &) noexcept(<expr>)': could not deduce template argument for 'const std::reverse_iterator<_BidIt> &' from 'CHAR [260]'
  
  cMediaPlayer.cpp
  FMODInitialization.cpp
  imgui_impl_glfw.cpp
  imgui_impl_opengl3.cpp
  imgui.cpp
  imgui_demo.cpp
  imgui_draw.cpp
  imgui_tables.cpp
  imgui_widgets.cpp
  FMOD_SETUP.cpp
